0 verbose cli /Users/young/.nvm/versions/node/v16.20.1/bin/node /Users/young/.nvm/versions/node/v16.20.1/bin/npm
1 info using npm@8.19.4
2 info using node@v16.20.1
3 timing npm:load:whichnode Completed in 0ms
4 timing config:load:defaults Completed in 2ms
5 timing config:load:file:/Users/young/.nvm/versions/node/v16.20.1/lib/node_modules/npm/npmrc Completed in 4ms
6 timing config:load:builtin Completed in 4ms
7 timing config:load:cli Completed in 2ms
8 timing config:load:env Completed in 0ms
9 timing config:load:file:/.npmrc Completed in 1ms
10 timing config:load:project Completed in 4ms
11 timing config:load:file:/Users/young/.npmrc Completed in 11ms
12 timing config:load:user Completed in 12ms
13 timing config:load:file:/Users/young/.nvm/versions/node/v16.20.1/etc/npmrc Completed in 1ms
14 timing config:load:global Completed in 1ms
15 timing config:load:validate Completed in 3ms
16 timing config:load:credentials Completed in 1ms
17 timing config:load:setEnvs Completed in 1ms
18 timing config:load Completed in 31ms
19 timing npm:load:configload Completed in 31ms
20 timing npm:load:mkdirpcache Completed in 8ms
21 timing npm:load:mkdirplogs Completed in 5ms
22 verbose title npm config get prefix
23 verbose argv "config" "get" "prefix"
24 timing npm:load:setTitle Completed in 16ms
25 timing config:load:flatten Completed in 3ms
26 timing npm:load:display Completed in 4ms
27 verbose logfile logs-max:10 dir:/Users/young/.npm/_logs
28 verbose logfile /Users/young/.npm/_logs/2023-09-01T09_11_24_450Z-debug-0.log
29 timing npm:load:logFile Completed in 9ms
30 timing npm:load:timers Completed in 0ms
31 timing npm:load:configScope Completed in 0ms
32 timing npm:load Completed in 75ms
33 timing command:config Completed in 3ms
34 verbose exit 0
35 timing npm Completed in 87ms
36 info ok
